100 REGIONCENTRAL 0 MOVIL
04125311927 734022014470670 8958021102090970013F 0000 75321865 5330 63448403
04125311933 734022014470671 8958021102090970021F 0000 58511959 2550 20231230
04125311937 734022014470672 8958021102090970039F 0000 72555365 3522 44402367
04125311941 734022014470673 8958021102090970047F 0000 63178656 6089 61418168
04125311945 734022014470674 8958021102090970054F 0000 82648973 1265 40335412
04125311965 734022014470675 8958021102090970062F 0000 39320514 1570 76442581
04125311972 734022014470676 8958021102090970070F 0000 10622374 6522 17702162
04125311974 734022014470677 8958021102090970088F 0000 51517382 6245 54858021
04125311976 734022014470678 8958021102090970096F 0000 85862725 5631 55920900
04125311979 734022014470679 8958021102090970104F 0000 43935544 4355 43138623
04125311999 734022014470680 8958021102090970112F 0000 29211883 9868 76910144
04125312002 734022014470681 8958021102090970120F 0000 17992973 3030 53032711
04125312004 734022014470682 8958021102090970138F 0000 23840241 5363 73882192
04125312006 734022014470683 8958021102090970146F 0000 47372409 3467 71688831
04125312008 734022014470684 8958021102090970153F 0000 13420447 3341 13619063
04125312011 734022014470685 8958021102090970161F 0000 38130267 6470 23380691
04125312013 734022014470686 8958021102090970179F 0000 26337443 7154 10705261
04125312016 734022014470687 8958021102090970187F 0000 65204608 4832 75294550
04125312018 734022014470688 8958021102090970195F 0000 66521325 7791 20310633
04125312023 734022014470689 8958021102090970203F 0000 74254362 5235 10553592
04125312036 734022014470690 8958021102090970211F 0000 42251424 8420 64505834
04125312040 734022014470691 8958021102090970229F 0000 68543155 1013 70200869
04125312044 734022014470692 8958021102090970237F 0000 24661105 2504 53931465
04125312054 734022014470693 8958021102090970245F 0000 31320555 1571 20500001
04125312063 734022014470694 8958021102090970252F 0000 66045727 7272 85341686
04125312065 734022014470695 8958021102090970260F 0000 14838731 1922 21031280
04125312067 734022014470696 8958021102090970278F 0000 11600512 5205 53205402
04125312071 734022014470697 8958021102090970286F 0000 38822578 1515 48852100
04125312075 734022014470698 8958021102090970294F 0000 44023955 6944 42841034
04125312077 734022014470699 8958021102090970302F 0000 42088465 9871 33942363
04125312079 734022014470700 8958021102090970310F 0000 70419174 3221 10349779
04125312081 734022014470701 8958021102090970328F 0000 59075053 4005 49561632
04125312083 734022014470702 8958021102090970336F 0000 23170000 2250 35256700
04125312085 734022014470703 8958021102090970344F 0000 16533001 5340 90475221
04125312090 734022014470704 8958021102090970351F 0000 64048744 3538 74087023
04125312102 734022014470705 8958021102090970369F 0000 70331619 3397 27078480
04125312120 734022014470706 8958021102090970377F 0000 73222404 9688 67111963
04125312130 734022014470707 8958021102090970385F 0000 62835423 3217 69041043
04125312152 734022014470708 8958021102090970393F 0000 39799913 7227 72211797
04125312160 734022014470709 8958021102090970401F 0000 73393534 8534 31503061
04125312162 734022014470710 8958021102090970419F 0000 55214143 2106 32514571
04125312179 734022014470711 8958021102090970427F 0000 11639587 2030 12227470
04125312187 734022014470712 8958021102090970435F 0000 70327471 9900 15377223
04125312189 734022014470713 8958021102090970443F 0000 68500450 2044 25342109
04125312195 734022014470714 8958021102090970450F 0000 24160388 1680 23940493
04125312203 734022014470715 8958021102090970468F 0000 89887119 7254 34001682
04125312206 734022014470716 8958021102090970476F 0000 90023520 5635 36551674
04125312219 734022014470717 8958021102090970484F 0000 95364551 2423 52431144
04125312228 734022014470718 8958021102090970492F 0000 37474225 6584 12353140
04125312230 734022014470719 8958021102090970500F 0000 38399175 3223 23290031
04125312246 734022014470720 8958021102090970518F 0000 13440825 5451 14202100
04125312252 734022014470721 8958021102090970526F 0000 35164250 7679 66964037
04125312254 734022014470722 8958021102090970534F 0000 82935350 7417 32734869
04125312258 734022014470723 8958021102090970542F 0000 26041141 1216 44746595
04125312279 734022014470724 8958021102090970559F 0000 60559720 4472 62530905
04125312291 734022014470725 8958021102090970567F 0000 91544527 1019 41731821
04125312296 734022014470726 8958021102090970575F 0000 30033091 2580 42020231
04125312311 734022014470727 8958021102090970583F 0000 45210275 6253 52086037
04125312313 734022014470728 8958021102090970591F 0000 45174662 6974 63479009
04125312315 734022014470729 8958021102090970609F 0000 23494350 7191 45039012
04125312319 734022014470730 8958021102090970617F 0000 69252474 2637 15352190
04125312323 734022014470731 8958021102090970625F 0000 20633381 4367 32252124
04125312353 734022014470732 8958021102090970633F 0000 52033247 2114 46834379
04125312363 734022014470733 8958021102090970641F 0000 68921045 7130 71091474
04125312371 734022014470734 8958021102090970658F 0000 51298024 9470 75930590
04125312383 734022014470735 8958021102090970666F 0000 82124821 5414 25811634
04125312385 734022014470736 8958021102090970674F 0000 14401700 7455 47222130
04125312397 734022014470737 8958021102090970682F 0000 21323173 4618 23244341
04125312420 734022014470738 8958021102090970690F 0000 34152451 8553 43282043
04125312429 734022014470739 8958021102090970708F 0000 21081132 4081 91913193
04125312431 734022014470740 8958021102090970716F 0000 41841901 4782 68061170
04125312435 734022014470741 8958021102090970724F 0000 50411434 5813 39724465
04125312442 734022014470742 8958021102090970732F 0000 51156643 1197 76352409
04125312460 734022014470743 8958021102090970740F 0000 42634763 2352 55818704
04125312462 734022014470744 8958021102090970757F 0000 62868353 6600 42752251
04125312466 734022014470745 8958021102090970765F 0000 93044413 5264 25565344
04125312468 734022014470746 8958021102090970773F 0000 25134173 2313 10111242
04125312474 734022014470747 8958021102090970781F 0000 53045050 7155 64145552
04125312490 734022014470748 8958021102090970799F 0000 24007122 9265 81312372
04125312500 734022014470749 8958021102090970807F 0000 60109311 6540 53809049
04125312509 734022014470750 8958021102090970815F 0000 17112030 6244 88003603
04125312512 734022014470751 8958021102090970823F 0000 62029278 2364 32514448
04125312522 734022014470752 8958021102090970831F 0000 24334022 6734 11110061
04125312529 734022014470753 8958021102090970849F 0000 61612339 5027 68311682
04125312533 734022014470754 8958021102090970856F 0000 64245780 5992 73302275
04125312539 734022014470755 8958021102090970864F 0000 64172003 8352 10300891
04125312541 734022014470756 8958021102090970872F 0000 32316452 4319 47370298
04125312552 734022014470757 8958021102090970880F 0000 23352006 3188 62265910
04125312558 734022014470758 8958021102090970898F 0000 83938346 1807 84109807
04125312566 734022014470759 8958021102090970906F 0000 72588450 2311 27448546
04125312585 734022014470760 8958021102090970914F 0000 40323448 4501 66323723
04125312589 734022014470761 8958021102090970922F 0000 15559724 4453 76351121
04125312591 734022014470762 8958021102090970930F 0000 48130554 3821 75414505
04125312598 734022014470763 8958021102090970948F 0000 27014577 1917 22563205
04125312600 734022014470764 8958021102090970955F 0000 38133217 4903 74026350
04125312607 734022014470765 8958021102090970963F 0000 45318053 7243 10019018
04125312610 734022014470766 8958021102090970971F 0000 81143193 4735 73434382
04125312623 734022014470767 8958021102090970989F 0000 72363996 5404 87290057
04125312626 734022014470768 8958021102090970997F 0000 75307415 1005 26510174
04125312628 734022014470769 8958021102090971003F 0000 77858531 5573 12117649
