35 CARACAS 0 MOVIL
04120285493 734021007236027 8958021106030040019F 0000 69654164 7891 56261099
04125587026 734021007236028 8958021106030040027F 0000 32511987 7447 80852233
04125587027 734021007236029 8958021106030040035F 0000 88950876 6876 08156224
04125587028 734021007236030 8958021106030040043F 0000 44105033 3452 21945715
04125587029 734021007236031 8958021106030040050F 0000 77009190 3086 72719702
04125587030 734021007236032 8958021106030040068F 0000 87362900 9453 98185248
04125587031 734021007236033 8958021106030040076F 0000 47957591 9787 01661658
04125587032 734021007236034 8958021106030040084F 0000 45761485 9021 00999892
04125587033 734021007236035 8958021106030040092F 0000 87561617 1792 10177910
04125590463 734021007236036 8958021106030040100F 0000 98233280 4430 58546772
04125590464 734021007236037 8958021106030040118F 0000 58442283 0191 17447903
04125590465 734021007236038 8958021106030040126F 0000 01121936 9766 72720191
04125590466 734021007236039 8958021106030040134F 0000 96669945 2954 72283608
04125590467 734021007236040 8958021106030040142F 0000 94686363 5376 13391262
04125590468 734021007236041 8958021106030040159F 0000 36199022 8781 17902321
04125590469 734021007236042 8958021106030040167F 0000 17561874 3375 77846211
04125590470 734021007236043 8958021106030040175F 0000 61907022 2806 49739711
04125599628 734021007236044 8958021106030040183F 0000 06234008 8294 35612313
04125599629 734021007236045 8958021106030040191F 0000 36440169 9046 38006604
04125599630 734021007236046 8958021106030040209F 0000 23803543 8403 28181278
04125599631 734021007236047 8958021106030040217F 0000 50407542 7001 76191753
04125599632 734021007236048 8958021106030040225F 0000 78901820 7823 13487701
04125599633 734021007236049 8958021106030040233F 0000 73470834 4213 22009161
04125599634 734021007236050 8958021106030040241F 0000 13059376 1553 52867618
04125599635 734021007236051 8958021106030040258F 0000 40423897 8564 36607076
04125599636 734021007236052 8958021106030040266F 0000 33419012 4962 37877409
04125599974 734021007236053 8958021106030040274F 0000 29403732 2797 63415560
04125599975 734021007236054 8958021106030040282F 0000 10385512 6526 21742714
04125599976 734021007236055 8958021106030040290F 0000 69920859 1493 71542007
04125599977 734021007236056 8958021106030040308F 0000 75018180 4296 08784819
04125599978 734021007236057 8958021106030040316F 0000 16475713 0860 78501792
04125599979 734021007236058 8958021106030040324F 0000 93317702 7761 36053329
04125599980 734021007236059 8958021106030040332F 0000 98586559 7350 27485190
04125599981 734021007236060 8958021106030040340F 0000 78118494 7816 34823468
04125599982 734021007236061 8958021106030040357F 0000 08577311 5318 93460541
