45 OCCIDENTE 0 MOVIL
04126450465 734021007235027 8958021106030030010F 0000 02762143 2647 72321486
04126450466 734021007235028 8958021106030030028F 0000 04537306 9264 30939650
04126450467 734021007235029 8958021106030030036F 0000 18199268 1362 74323648
04126450468 734021007235030 8958021106030030044F 0000 22992751 3123 78171889
04126450469 734021007235031 8958021106030030051F 0000 49701530 9017 68264826
04126450470 734021007235032 8958021106030030069F 0000 36219054 0559 94745454
04126450471 734021007235033 8958021106030030077F 0000 32713556 2651 19426815
04126450472 734021007235034 8958021106030030085F 0000 63151664 5531 30750685
04126450473 734021007235035 8958021106030030093F 0000 52556542 5349 18963060
04126450474 734021007235036 8958021106030030101F 0000 01414401 1359 22784439
04126450475 734021007235037 8958021106030030119F 0000 17422851 0087 78523976
04126450476 734021007235038 8958021106030030127F 0000 95330336 8662 63281424
04126450477 734021007235039 8958021106030030135F 0000 51564274 3880 39398637
04126450478 734021007235040 8958021106030030143F 0000 02835854 9580 39939205
04126450479 734021007235041 8958021106030030150F 0000 26079997 8654 25182283
04126450480 734021007235042 8958021106030030168F 0000 00537083 4123 28005418
04126450481 734021007235043 8958021106030030176F 0000 87166974 9003 58032514
04126450482 734021007235044 8958021106030030184F 0000 16179124 4239 01583503
04126450483 734021007235045 8958021106030030192F 0000 59008233 7696 39594003
04126450484 734021007235046 8958021106030030200F 0000 57310662 9179 99825005
04126450485 734021007235047 8958021106030030218F 0000 41656500 9594 98313869
04126450486 734021007235048 8958021106030030226F 0000 89350244 1389 49596608
04126450487 734021007235049 8958021106030030234F 0000 08518658 9130 34499856
04126450488 734021007235050 8958021106030030242F 0000 95123014 5213 20335395
04126450489 734021007235051 8958021106030030259F 0000 02940910 4265 53229713
04126450490 734021007235052 8958021106030030267F 0000 84444004 5913 68977738
04126450491 734021007235053 8958021106030030275F 0000 72243070 7476 09656528
04126450492 734021007235054 8958021106030030283F 0000 86771450 6230 55785682
04126450493 734021007235055 8958021106030030291F 0000 06553993 6712 09174882
04126450494 734021007235056 8958021106030030309F 0000 37536661 7722 17075246
04126450495 734021007235057 8958021106030030317F 0000 31119303 5139 67593029
04126450496 734021007235058 8958021106030030325F 0000 23699660 8561 49128782
04126450497 734021007235059 8958021106030030333F 0000 73447808 3834 57256944
04126450498 734021007235060 8958021106030030341F 0000 47437222 1921 09143534
04126450499 734021007235061 8958021106030030358F 0000 60897032 4236 75524616
04126450500 734021007235062 8958021106030030366F 0000 37738713 7797 30455466
04126450501 734021007235063 8958021106030030374F 0000 58797345 4125 74964358
04126450502 734021007235064 8958021106030030382F 0000 30279141 1528 72314633
04126450503 734021007235065 8958021106030030390F 0000 98193332 6382 49918496
04126450504 734021007235066 8958021106030030408F 0000 40553599 3893 34084391
04126450505 734021007235067 8958021106030030416F 0000 11513368 0856 54087650
04126450506 734021007235068 8958021106030030424F 0000 57921912 8602 55666100
04126450507 734021007235069 8958021106030030432F 0000 03143405 4756 96207651
04126450508 734021007235070 8958021106030030440F 0000 07371404 2805 62998050
04126450509 734021007235071 8958021106030030457F 0000 38014108 7846 75193497
