33 CENTROOCC 0 MOVIL
04125102021 734021007234027 8958021106030020011F 0000 89149686 0275 63558874
04125102022 734021007234028 8958021106030020029F 0000 07470518 2990 44623142
04125102023 734021007234029 8958021106030020037F 0000 83389127 0226 16865812
04125102024 734021007234030 8958021106030020045F 0000 99690960 3616 45071637
04125102025 734021007234031 8958021106030020052F 0000 19040812 5254 78997382
04125102026 734021007234032 8958021106030020060F 0000 18061631 4595 23645945
04125102027 734021007234033 8958021106030020078F 0000 17164558 1258 94879597
04125102028 734021007234034 8958021106030020086F 0000 07016696 5634 39162680
04125102029 734021007234035 8958021106030020094F 0000 74264760 1344 53584563
04125105228 734021007234036 8958021106030020102F 0000 37829549 8199 03323120
04125105229 734021007234037 8958021106030020110F 0000 76412529 2656 68358199
04125105230 734021007234038 8958021106030020128F 0000 70958112 6136 31401459
04125105231 734021007234039 8958021106030020136F 0000 72242971 8296 94405565
04125105232 734021007234040 8958021106030020144F 0000 52834429 0034 89714900
04125105233 734021007234041 8958021106030020151F 0000 01232489 0028 64233853
04125105234 734021007234042 8958021106030020169F 0000 05688712 2919 46034619
04125105235 734021007234043 8958021106030020177F 0000 46248206 9930 19396202
04125105236 734021007234044 8958021106030020185F 0000 23155936 2974 80099228
04125105237 734021007234045 8958021106030020193F 0000 24435416 8416 47152303
04125105238 734021007234046 8958021106030020201F 0000 06294645 9279 66014525
04125105239 734021007234047 8958021106030020219F 0000 11375528 0317 99267555
04125105240 734021007234048 8958021106030020227F 0000 28230916 7814 97915168
04125105241 734021007234049 8958021106030020235F 0000 99620648 0901 20352901
04125105242 734021007234050 8958021106030020243F 0000 91172703 6457 90325264
04125105243 734021007234051 8958021106030020250F 0000 09701446 7300 97373380
04125105244 734021007234052 8958021106030020268F 0000 63743015 1900 03250104
04125105245 734021007234053 8958021106030020276F 0000 98904943 7712 54486670
04125105246 734021007234054 8958021106030020284F 0000 61918555 6945 00164866
04125105247 734021007234055 8958021106030020292F 0000 21561377 8706 65517551
04125105248 734021007234056 8958021106030020300F 0000 55270838 2964 46737489
04125105249 734021007234057 8958021106030020318F 0000 28341861 0035 25839520
04125105250 734021007234058 8958021106030020326F 0000 64255185 3897 02722953
04125105251 734021007234059 8958021106030020334F 0000 71288898 5493 26504911
