27 ORIENTE 0 MOVIL
04128751158 734021007232191 8958021106030001656F 0000 34230690 0428 73519965
04128751159 734021007232192 8958021106030001664F 0000 28798945 6988 01520670
04128751160 734021007232193 8958021106030001672F 0000 20926736 4014 74972176
04128751161 734021007232194 8958021106030001680F 0000 68590839 5761 59350844
04128751162 734021007232195 8958021106030001698F 0000 75593937 1917 22797110
04128751163 734021007232196 8958021106030001706F 0000 79105973 9590 40968250
04128751164 734021007232197 8958021106030001714F 0000 12233741 0892 86757334
04128751165 734021007232198 8958021106030001722F 0000 85965563 3854 03076382
04128751166 734021007232199 8958021106030001730F 0000 36917062 9656 27323376
04128751167 734021007232200 8958021106030001748F 0000 41040140 9364 96945573
04128751168 734021007232201 8958021106030001755F 0000 03768332 6853 99550597
04128751169 734021007232202 8958021106030001763F 0000 11929040 7657 49317112
04128751170 734021007232203 8958021106030001771F 0000 39334593 2114 29115616
04128751171 734021007232204 8958021106030001789F 0000 35331978 9240 07934355
04128751172 734021007232205 8958021106030001797F 0000 78859701 0399 44587542
04128751173 734021007232206 8958021106030001805F 0000 00082422 3858 77890307
04128751174 734021007232207 8958021106030001813F 0000 49668728 7662 84512565
04128751175 734021007232208 8958021106030001821F 0000 76914936 4079 13663258
04128751176 734021007232209 8958021106030001839F 0000 98574339 0167 42876251
04128751177 734021007232210 8958021106030001847F 0000 85405759 0735 49046375
04128751178 734021007232211 8958021106030001854F 0000 30365268 9641 24367644
04128751179 734021007232212 8958021106030001862F 0000 36374205 7785 16079655
04128751180 734021007232213 8958021106030001870F 0000 72917242 7269 64524824
04128751181 734021007232214 8958021106030001888F 0000 23331751 5143 78877438
04128751182 734021007232215 8958021106030001896F 0000 35562717 1445 79081779
04128751183 734021007232216 8958021106030001904F 0000 00074919 5642 86872954
04128751184 734021007232217 8958021106030001912F 0000 52273173 5358 62041827
